
*** Running vivado
    with args -log top.vds -m64 -product Vivado -mode batch -messageDb vivado.pb -notrace -source top.tcl



****** Vivado v2024.2 (64-bit)
  **** SW Build 5239630 on Fri Nov 08 22:35:27 MST 2024
  **** IP Build 5239520 on Sun Nov 10 16:12:51 MST 2024
  **** SharedData Build 5239561 on Fri Nov 08 14:39:27 MST 2024
  **** Start of session at: Mon Nov  3 12:49:58 2025
    ** Copyright 1986-2022 Xilinx, Inc. All Rights Reserved.
    ** Copyright 2022-2024 Advanced Micro Devices, Inc. All Rights Reserved.

source top.tcl -notrace
Command: read_checkpoint -auto_incremental -incremental {C:/Users/diego/Basys3 Elevator FSM/Basys3 Elevator FSM.srcs/utils_1/imports/synth_1/top.dcp}
INFO: [Vivado 12-5825] Read reference checkpoint from C:/Users/diego/Basys3 Elevator FSM/Basys3 Elevator FSM.srcs/utils_1/imports/synth_1/top.dcp for incremental synthesis
INFO: [Vivado 12-7989] Please ensure there are no constraint changes
Command: synth_design -top top -part xc7a200tfbg676-2
Starting synth_design
Attempting to get a license for feature 'Synthesis' and/or device 'xc7a200t'
INFO: [Common 17-349] Got license for feature 'Synthesis' and/or device 'xc7a200t'
INFO: [Device 21-403] Loading part xc7a200tfbg676-2
INFO: [Designutils 20-5440] No compile time benefit to using incremental synthesis; A full resynthesis will be run
INFO: [Designutils 20-4379] Flow is switching to default flow due to incremental criteria not met. If you would like to alter this behaviour and have the flow terminate instead, please set the following parameter config_implementation {autoIncr.Synth.RejectBehavior Terminate}
INFO: [Synth 8-7079] Multithreading enabled for synth_design using a maximum of 2 processes.
INFO: [Synth 8-7078] Launching helper process for spawning children vivado processes
INFO: [Synth 8-7075] Helper process launched with PID 12720
---------------------------------------------------------------------------------
Starting RTL Elaboration : Time (s): cpu = 00:00:04 ; elapsed = 00:00:07 . Memory (MB): peak = 1078.941 ; gain = 469.418
---------------------------------------------------------------------------------
INFO: [Synth 8-6157] synthesizing module 'top' [C:/Users/diego/Basys3 Elevator FSM/Basys3 Elevator FSM.srcs/sources_1/new/top.sv:9]
INFO: [Synth 8-6157] synthesizing module 'clk_enable' [C:/Users/diego/Basys3 Elevator FSM/Basys3 Elevator FSM.srcs/sources_1/new/top.sv:319]
INFO: [Synth 8-6155] done synthesizing module 'clk_enable' (0#1) [C:/Users/diego/Basys3 Elevator FSM/Basys3 Elevator FSM.srcs/sources_1/new/top.sv:319]
INFO: [Synth 8-6157] synthesizing module 'debouncer' [C:/Users/diego/Basys3 Elevator FSM/Basys3 Elevator FSM.srcs/sources_1/new/top.sv:466]
INFO: [Synth 8-6155] done synthesizing module 'debouncer' (0#1) [C:/Users/diego/Basys3 Elevator FSM/Basys3 Elevator FSM.srcs/sources_1/new/top.sv:466]
INFO: [Synth 8-6157] synthesizing module 'one_shot' [C:/Users/diego/Basys3 Elevator FSM/Basys3 Elevator FSM.srcs/sources_1/new/top.sv:492]
INFO: [Synth 8-6155] done synthesizing module 'one_shot' (0#1) [C:/Users/diego/Basys3 Elevator FSM/Basys3 Elevator FSM.srcs/sources_1/new/top.sv:492]
INFO: [Synth 8-294] found qualifier unique on case statement: implementing as parallel_case [C:/Users/diego/Basys3 Elevator FSM/Basys3 Elevator FSM.srcs/sources_1/new/top.sv:174]
INFO: [Synth 8-294] found qualifier unique on case statement: implementing as parallel_case [C:/Users/diego/Basys3 Elevator FSM/Basys3 Elevator FSM.srcs/sources_1/new/top.sv:190]
INFO: [Synth 8-6157] synthesizing module 'timekeeper' [C:/Users/diego/Basys3 Elevator FSM/Basys3 Elevator FSM.srcs/sources_1/new/top.sv:435]
	Parameter INIT_HH bound to: 12 - type: integer 
	Parameter INIT_MM bound to: 0 - type: integer 
INFO: [Synth 8-6155] done synthesizing module 'timekeeper' (0#1) [C:/Users/diego/Basys3 Elevator FSM/Basys3 Elevator FSM.srcs/sources_1/new/top.sv:435]
INFO: [Synth 8-294] found qualifier unique on case statement: implementing as parallel_case [C:/Users/diego/Basys3 Elevator FSM/Basys3 Elevator FSM.srcs/sources_1/new/top.sv:260]
INFO: [Synth 8-6157] synthesizing module 'seg7_mux' [C:/Users/diego/Basys3 Elevator FSM/Basys3 Elevator FSM.srcs/sources_1/new/top.sv:392]
INFO: [Synth 8-6157] synthesizing module 'seg7_decoder' [C:/Users/diego/Basys3 Elevator FSM/Basys3 Elevator FSM.srcs/sources_1/new/top.sv:351]
INFO: [Synth 8-6155] done synthesizing module 'seg7_decoder' (0#1) [C:/Users/diego/Basys3 Elevator FSM/Basys3 Elevator FSM.srcs/sources_1/new/top.sv:351]
INFO: [Synth 8-6155] done synthesizing module 'seg7_mux' (0#1) [C:/Users/diego/Basys3 Elevator FSM/Basys3 Elevator FSM.srcs/sources_1/new/top.sv:392]
INFO: [Synth 8-6155] done synthesizing module 'top' (0#1) [C:/Users/diego/Basys3 Elevator FSM/Basys3 Elevator FSM.srcs/sources_1/new/top.sv:9]
WARNING: [Synth 8-3917] design top has port led[13] driven by constant 0
WARNING: [Synth 8-3917] design top has port led[12] driven by constant 0
WARNING: [Synth 8-7129] Port sw[15] in module top is either unconnected or has no load
WARNING: [Synth 8-7129] Port sw[14] in module top is either unconnected or has no load
WARNING: [Synth 8-7129] Port sw[13] in module top is either unconnected or has no load
WARNING: [Synth 8-7129] Port sw[12] in module top is either unconnected or has no load
WARNING: [Synth 8-7129] Port sw[11] in module top is either unconnected or has no load
WARNING: [Synth 8-7129] Port sw[10] in module top is either unconnected or has no load
---------------------------------------------------------------------------------
Finished RTL Elaboration : Time (s): cpu = 00:00:05 ; elapsed = 00:00:08 . Memory (MB): peak = 1186.961 ; gain = 577.438
---------------------------------------------------------------------------------
---------------------------------------------------------------------------------
Start Handling Custom Attributes
---------------------------------------------------------------------------------
---------------------------------------------------------------------------------
Finished Handling Custom Attributes : Time (s): cpu = 00:00:05 ; elapsed = 00:00:08 . Memory (MB): peak = 1186.961 ; gain = 577.438
---------------------------------------------------------------------------------
---------------------------------------------------------------------------------
Finished RTL Optimization Phase 1 : Time (s): cpu = 00:00:05 ; elapsed = 00:00:08 . Memory (MB): peak = 1186.961 ; gain = 577.438
---------------------------------------------------------------------------------
Netlist sorting complete. Time (s): cpu = 00:00:00 ; elapsed = 00:00:00.003 . Memory (MB): peak = 1186.961 ; gain = 0.000
INFO: [Project 1-570] Preparing netlist for logic optimization

Processing XDC Constraints
Initializing timing engine
Parsing XDC File [C:/Users/diego/Basys3 Elevator FSM/Basys3 Elevator FSM.srcs/constrs_1/new/Basys3.xdc]
Finished Parsing XDC File [C:/Users/diego/Basys3 Elevator FSM/Basys3 Elevator FSM.srcs/constrs_1/new/Basys3.xdc]
INFO: [Project 1-236] Implementation specific constraints were found while reading constraint file [C:/Users/diego/Basys3 Elevator FSM/Basys3 Elevator FSM.srcs/constrs_1/new/Basys3.xdc]. These constraints will be ignored for synthesis but will be used in implementation. Impacted constraints are listed in the file [.Xil/top_propImpl.xdc].
Resolution: To avoid this warning, move constraints listed in [.Xil/top_propImpl.xdc] to another XDC file and exclude this new file from synthesis with the used_in_synthesis property (File Properties dialog in GUI) and re-run elaboration/synthesis.
Completed Processing XDC Constraints

Netlist sorting complete. Time (s): cpu = 00:00:00 ; elapsed = 00:00:00 . Memory (MB): peak = 1279.324 ; gain = 0.000
INFO: [Project 1-111] Unisim Transformation Summary:
No Unisim elements were transformed.

Constraint Validation Runtime : Time (s): cpu = 00:00:00 ; elapsed = 00:00:00.005 . Memory (MB): peak = 1279.324 ; gain = 0.000
INFO: [Designutils 20-5440] No compile time benefit to using incremental synthesis; A full resynthesis will be run
INFO: [Designutils 20-4379] Flow is switching to default flow due to incremental criteria not met. If you would like to alter this behaviour and have the flow terminate instead, please set the following parameter config_implementation {autoIncr.Synth.RejectBehavior Terminate}
---------------------------------------------------------------------------------
Finished Constraint Validation : Time (s): cpu = 00:00:09 ; elapsed = 00:00:18 . Memory (MB): peak = 1279.324 ; gain = 669.801
---------------------------------------------------------------------------------
---------------------------------------------------------------------------------
Start Loading Part and Timing Information
---------------------------------------------------------------------------------
Loading part: xc7a200tfbg676-2
---------------------------------------------------------------------------------
Finished Loading Part and Timing Information : Time (s): cpu = 00:00:09 ; elapsed = 00:00:18 . Memory (MB): peak = 1279.324 ; gain = 669.801
---------------------------------------------------------------------------------
---------------------------------------------------------------------------------
Start Applying 'set_property' XDC Constraints
---------------------------------------------------------------------------------
---------------------------------------------------------------------------------
Finished applying 'set_property' XDC Constraints : Time (s): cpu = 00:00:09 ; elapsed = 00:00:18 . Memory (MB): peak = 1279.324 ; gain = 669.801
---------------------------------------------------------------------------------
---------------------------------------------------------------------------------
Finished RTL Optimization Phase 2 : Time (s): cpu = 00:00:10 ; elapsed = 00:00:18 . Memory (MB): peak = 1279.324 ; gain = 669.801
---------------------------------------------------------------------------------
---------------------------------------------------------------------------------
Start RTL Component Statistics 
---------------------------------------------------------------------------------
Detailed RTL Component Info : 
+---Adders : 
	   2 Input    6 Bit       Adders := 2     
	   2 Input    5 Bit       Adders := 1     
	   2 Input    4 Bit       Adders := 3     
	   2 Input    3 Bit       Adders := 1     
	   2 Input    2 Bit       Adders := 1     
+---XORs : 
	   2 Input      1 Bit         XORs := 1     
+---Registers : 
	                6 Bit    Registers := 2     
	                5 Bit    Registers := 1     
	                4 Bit    Registers := 3     
	                3 Bit    Registers := 3     
	                2 Bit    Registers := 1     
	                1 Bit    Registers := 22    
+---Muxes : 
	   2 Input    5 Bit        Muxes := 1     
	   4 Input    4 Bit        Muxes := 2     
	   2 Input    4 Bit        Muxes := 5     
	   4 Input    3 Bit        Muxes := 2     
	   5 Input    3 Bit        Muxes := 3     
	   2 Input    3 Bit        Muxes := 5     
	   3 Input    3 Bit        Muxes := 9     
	   7 Input    3 Bit        Muxes := 1     
	   2 Input    2 Bit        Muxes := 2     
	   3 Input    2 Bit        Muxes := 1     
	   2 Input    1 Bit        Muxes := 21    
	   4 Input    1 Bit        Muxes := 1     
	   3 Input    1 Bit        Muxes := 2     
---------------------------------------------------------------------------------
Finished RTL Component Statistics 
---------------------------------------------------------------------------------
---------------------------------------------------------------------------------
Start Part Resource Summary
---------------------------------------------------------------------------------
Part Resources:
DSPs: 740 (col length:100)
BRAMs: 730 (col length: RAMB18 100 RAMB36 50)
---------------------------------------------------------------------------------
Finished Part Resource Summary
---------------------------------------------------------------------------------
---------------------------------------------------------------------------------
Start Cross Boundary and Area Optimization
---------------------------------------------------------------------------------
WARNING: [Synth 8-7080] Parallel synthesis criteria is not met
WARNING: [Synth 8-3917] design top has port led[13] driven by constant 0
WARNING: [Synth 8-3917] design top has port led[12] driven by constant 0
WARNING: [Synth 8-7129] Port sw[15] in module top is either unconnected or has no load
WARNING: [Synth 8-7129] Port sw[14] in module top is either unconnected or has no load
WARNING: [Synth 8-7129] Port sw[13] in module top is either unconnected or has no load
WARNING: [Synth 8-7129] Port sw[12] in module top is either unconnected or has no load
WARNING: [Synth 8-7129] Port sw[11] in module top is either unconnected or has no load
WARNING: [Synth 8-7129] Port sw[10] in module top is either unconnected or has no load
---------------------------------------------------------------------------------
Finished Cross Boundary and Area Optimization : Time (s): cpu = 00:00:12 ; elapsed = 00:00:22 . Memory (MB): peak = 1279.324 ; gain = 669.801
---------------------------------------------------------------------------------
---------------------------------------------------------------------------------
Start Applying XDC Timing Constraints
---------------------------------------------------------------------------------
---------------------------------------------------------------------------------
Finished Applying XDC Timing Constraints : Time (s): cpu = 00:00:15 ; elapsed = 00:00:29 . Memory (MB): peak = 1376.176 ; gain = 766.652
---------------------------------------------------------------------------------
---------------------------------------------------------------------------------
Start Timing Optimization
---------------------------------------------------------------------------------
---------------------------------------------------------------------------------
Finished Timing Optimization : Time (s): cpu = 00:00:16 ; elapsed = 00:00:30 . Memory (MB): peak = 1415.875 ; gain = 806.352
---------------------------------------------------------------------------------
---------------------------------------------------------------------------------
Start Technology Mapping
---------------------------------------------------------------------------------
---------------------------------------------------------------------------------
Finished Technology Mapping : Time (s): cpu = 00:00:16 ; elapsed = 00:00:30 . Memory (MB): peak = 1415.875 ; gain = 806.352
---------------------------------------------------------------------------------
---------------------------------------------------------------------------------
Start IO Insertion
---------------------------------------------------------------------------------
---------------------------------------------------------------------------------
Start Flattening Before IO Insertion
---------------------------------------------------------------------------------
---------------------------------------------------------------------------------
Finished Flattening Before IO Insertion
---------------------------------------------------------------------------------
---------------------------------------------------------------------------------
Start Final Netlist Cleanup
---------------------------------------------------------------------------------
---------------------------------------------------------------------------------
Finished Final Netlist Cleanup
---------------------------------------------------------------------------------
---------------------------------------------------------------------------------
Finished IO Insertion : Time (s): cpu = 00:00:19 ; elapsed = 00:00:35 . Memory (MB): peak = 1606.211 ; gain = 996.688
---------------------------------------------------------------------------------
---------------------------------------------------------------------------------
Start Renaming Generated Instances
---------------------------------------------------------------------------------
---------------------------------------------------------------------------------
Finished Renaming Generated Instances : Time (s): cpu = 00:00:19 ; elapsed = 00:00:35 . Memory (MB): peak = 1606.211 ; gain = 996.688
---------------------------------------------------------------------------------
---------------------------------------------------------------------------------
Start Rebuilding User Hierarchy
---------------------------------------------------------------------------------
---------------------------------------------------------------------------------
Finished Rebuilding User Hierarchy : Time (s): cpu = 00:00:19 ; elapsed = 00:00:35 . Memory (MB): peak = 1606.211 ; gain = 996.688
---------------------------------------------------------------------------------
---------------------------------------------------------------------------------
Start Renaming Generated Ports
---------------------------------------------------------------------------------
---------------------------------------------------------------------------------
Finished Renaming Generated Ports : Time (s): cpu = 00:00:19 ; elapsed = 00:00:35 . Memory (MB): peak = 1606.211 ; gain = 996.688
---------------------------------------------------------------------------------
---------------------------------------------------------------------------------
Start Handling Custom Attributes
---------------------------------------------------------------------------------
---------------------------------------------------------------------------------
Finished Handling Custom Attributes : Time (s): cpu = 00:00:19 ; elapsed = 00:00:35 . Memory (MB): peak = 1606.211 ; gain = 996.688
---------------------------------------------------------------------------------
---------------------------------------------------------------------------------
Start Renaming Generated Nets
---------------------------------------------------------------------------------
---------------------------------------------------------------------------------
Finished Renaming Generated Nets : Time (s): cpu = 00:00:19 ; elapsed = 00:00:35 . Memory (MB): peak = 1606.211 ; gain = 996.688
---------------------------------------------------------------------------------
---------------------------------------------------------------------------------
Start Writing Synthesis Report
---------------------------------------------------------------------------------

Report BlackBoxes: 
+-+--------------+----------+
| |BlackBox name |Instances |
+-+--------------+----------+
+-+--------------+----------+

Report Cell Usage: 
+------+-------+------+
|      |Cell   |Count |
+------+-------+------+
|1     |BUFG   |     1|
|2     |CARRY4 |    28|
|3     |LUT1   |    10|
|4     |LUT2   |    17|
|5     |LUT3   |    18|
|6     |LUT4   |    33|
|7     |LUT5   |    22|
|8     |LUT6   |    51|
|9     |FDRE   |   165|
|10    |FDSE   |     2|
|11    |IBUF   |    16|
|12    |OBUF   |    28|
+------+-------+------+
---------------------------------------------------------------------------------
Finished Writing Synthesis Report : Time (s): cpu = 00:00:19 ; elapsed = 00:00:35 . Memory (MB): peak = 1606.211 ; gain = 996.688
---------------------------------------------------------------------------------
Synthesis finished with 0 errors, 0 critical warnings and 9 warnings.
Synthesis Optimization Runtime : Time (s): cpu = 00:00:13 ; elapsed = 00:00:32 . Memory (MB): peak = 1606.211 ; gain = 904.324
Synthesis Optimization Complete : Time (s): cpu = 00:00:19 ; elapsed = 00:00:35 . Memory (MB): peak = 1606.211 ; gain = 996.688
INFO: [Project 1-571] Translating synthesized netlist
Netlist sorting complete. Time (s): cpu = 00:00:00 ; elapsed = 00:00:00.004 . Memory (MB): peak = 1615.422 ; gain = 0.000
INFO: [Netlist 29-17] Analyzing 28 Unisim elements for replacement
INFO: [Netlist 29-28] Unisim Transformation completed in 0 CPU seconds
INFO: [Project 1-570] Preparing netlist for logic optimization
INFO: [Opt 31-138] Pushed 0 inverter(s) to 0 load pin(s).
Netlist sorting complete. Time (s): cpu = 00:00:00 ; elapsed = 00:00:00 . Memory (MB): peak = 1621.641 ; gain = 0.000
INFO: [Project 1-111] Unisim Transformation Summary:
No Unisim elements were transformed.

Synth Design complete | Checksum: b622e727
INFO: [Common 17-83] Releasing license: Synthesis
38 Infos, 17 Warnings, 0 Critical Warnings and 0 Errors encountered.
synth_design completed successfully
synth_design: Time (s): cpu = 00:00:21 ; elapsed = 00:00:42 . Memory (MB): peak = 1621.641 ; gain = 1252.137
Write ShapeDB Complete: Time (s): cpu = 00:00:00 ; elapsed = 00:00:00.008 . Memory (MB): peak = 1621.641 ; gain = 0.000
INFO: [Common 17-1381] The checkpoint 'C:/Users/diego/Basys3 Elevator FSM/Basys3 Elevator FSM.runs/synth_1/top.dcp' has been generated.
INFO: [Vivado 12-24828] Executing command : report_utilization -file top_utilization_synth.rpt -pb top_utilization_synth.pb
INFO: [Common 17-206] Exiting Vivado at Mon Nov  3 12:50:45 2025...
